# JRE version: OpenJDK Runtime Environment Microsoft-9388408 (17.0.11+9) (build 17.0.11+9-LTS)
# Java VM: OpenJDK 64-Bit Server VM Microsoft-9388408 (17.0.11+9-LTS, mixed mode, sharing, tiered, compressed oops, compressed class ptrs, g1 gc, windows-amd64)
GC Precious Log:
 CPUs: 4 total, 4 available
 Memory: 7975M
 Large Page Support: Disabled
 NUMA Support: Disabled
 Compressed Oops: Enabled (32-bit)
 Heap Region Size: 1M
 Heap Min Capacity: 8M
 Heap Initial Capacity: 126M
 Heap Max Capacity: 2G
 Pre-touch: Disabled
 Parallel Workers: 4
 Concurrent Workers: 1
 Concurrent Refinement Workers: 4
 Periodic GC: Disabled
Heap:
 garbage-first heap   total 387072K, used 226044K [0x0000000080000000, 0x0000000100000000)
  region size 1024K, 3 young (3072K), 3 survivors (3072K)
 Metaspace       used 165013K, committed 166656K, reserved 622592K
  class space    used 22031K, committed 22848K, reserved 425984K
GC Heap History (20 events):
Event: 5607.633 GC heap after
{Heap after GC invocations=84 (full 0):
 garbage-first heap   total 387072K, used 274904K [0x0000000080000000, 0x0000000100000000)
  region size 1024K, 4 young (4096K), 4 survivors (4096K)
 Metaspace       used 154210K, committed 155904K, reserved 622592K
  class space    used 20699K, committed 21504K, reserved 425984K
}
Event: 5609.325 GC heap before
{Heap before GC invocations=84 (full 0):
 garbage-first heap   total 387072K, used 334296K [0x0000000080000000, 0x0000000100000000)
  region size 1024K, 62 young (63488K), 4 survivors (4096K)
 Metaspace       used 156531K, committed 158144K, reserved 622592K
  class space    used 20995K, committed 21760K, reserved 425984K
}
Event: 5609.333 GC heap after
{Heap after GC invocations=85 (full 0):
 garbage-first heap   total 387072K, used 275685K [0x0000000080000000, 0x0000000100000000)
  region size 1024K, 5 young (5120K), 5 survivors (5120K)
 Metaspace       used 156531K, committed 158144K, reserved 622592K
  class space    used 20995K, committed 21760K, reserved 425984K
}
Event: 5611.548 GC heap before
{Heap before GC invocations=85 (full 0):
 garbage-first heap   total 387072K, used 335077K [0x0000000080000000, 0x0000000100000000)
  region size 1024K, 64 young (65536K), 5 survivors (5120K)
 Metaspace       used 161679K, committed 163328K, reserved 622592K
  class space    used 21737K, committed 22528K, reserved 425984K
}
Event: 5611.569 GC heap after
{Heap after GC invocations=86 (full 0):
 garbage-first heap   total 387072K, used 279365K [0x0000000080000000, 0x0000000100000000)
  region size 1024K, 8 young (8192K), 8 survivors (8192K)
 Metaspace       used 161679K, committed 163328K, reserved 622592K
  class space    used 21737K, committed 22528K, reserved 425984K
}
Event: 5614.299 GC heap before
{Heap before GC invocations=86 (full 0):
 garbage-first heap   total 387072K, used 288581K [0x0000000080000000, 0x0000000100000000)
  region size 1024K, 18 young (18432K), 8 survivors (8192K)
 Metaspace       used 162366K, committed 164032K, reserved 622592K
  class space    used 21822K, committed 22656K, reserved 425984K
}
Event: 5615.799 GC heap after
{Heap after GC invocations=87 (full 1):
 garbage-first heap   total 387072K, used 210838K [0x0000000080000000, 0x0000000100000000)
  region size 1024K, 0 young (0K), 0 survivors (0K)
 Metaspace       used 161662K, committed 163904K, reserved 622592K
  class space    used 21707K, committed 22656K, reserved 425984K
}
Event: 5628.739 GC heap before
{Heap before GC invocations=87 (full 1):
 garbage-first heap   total 387072K, used 332694K [0x0000000080000000, 0x0000000100000000)
  region size 1024K, 110 young (112640K), 0 survivors (0K)
 Metaspace       used 162899K, committed 164544K, reserved 622592K
  class space    used 21862K, committed 22720K, reserved 425984K
}
Event: 5628.773 GC heap after
{Heap after GC invocations=88 (full 1):
 garbage-first heap   total 387072K, used 226126K [0x0000000080000000, 0x0000000100000000)
  region size 1024K, 11 young (11264K), 11 survivors (11264K)
 Metaspace       used 162899K, committed 164544K, reserved 622592K
  class space    used 21862K, committed 22720K, reserved 425984K
}
Event: 5630.259 GC heap before
{Heap before GC invocations=88 (full 1):
 garbage-first heap   total 387072K, used 320334K [0x0000000080000000, 0x0000000100000000)
  region size 1024K, 103 young (105472K), 11 survivors (11264K)
 Metaspace       used 163794K, committed 165504K, reserved 622592K
  class space    used 21869K, committed 22720K, reserved 425984K
}
Event: 5630.263 GC heap after
{Heap after GC invocations=89 (full 1):
 garbage-first heap   total 387072K, used 214121K [0x0000000080000000, 0x0000000100000000)
  region size 1024K, 2 young (2048K), 2 survivors (2048K)
 Metaspace       used 163794K, committed 165504K, reserved 622592K
  class space    used 21869K, committed 22720K, reserved 425984K
}
Event: 5631.144 GC heap before
{Heap before GC invocations=89 (full 1):
 garbage-first heap   total 387072K, used 291945K [0x0000000080000000, 0x0000000100000000)
  region size 1024K, 57 young (58368K), 2 survivors (2048K)
 Metaspace       used 165013K, committed 166656K, reserved 622592K
  class space    used 22031K, committed 22848K, reserved 425984K
}
Event: 5631.150 GC heap after
{Heap after GC invocations=90 (full 1):
 garbage-first heap   total 387072K, used 226108K [0x0000000080000000, 0x0000000100000000)
  region size 1024K, 3 young (3072K), 3 survivors (3072K)
 Metaspace       used 165013K, committed 166656K, reserved 622592K
  class space    used 22031K, committed 22848K, reserved 425984K
}
Event: 5631.175 GC heap before
{Heap before GC invocations=90 (full 1):
 garbage-first heap   total 387072K, used 248636K [0x0000000080000000, 0x0000000100000000)
  region size 1024K, 4 young (4096K), 3 survivors (3072K)
 Metaspace       used 165013K, committed 166656K, reserved 622592K
  class space    used 22031K, committed 22848K, reserved 425984K
}
Event: 5631.179 GC heap after
{Heap after GC invocations=91 (full 1):
 garbage-first heap   total 387072K, used 226175K [0x0000000080000000, 0x0000000100000000)
  region size 1024K, 3 young (3072K), 3 survivors (3072K)
 Metaspace       used 165013K, committed 166656K, reserved 622592K
  class space    used 22031K, committed 22848K, reserved 425984K
}
Event: 5631.207 GC heap before
{Heap before GC invocations=91 (full 1):
 garbage-first heap   total 387072K, used 244607K [0x0000000080000000, 0x0000000100000000)
  region size 1024K, 4 young (4096K), 3 survivors (3072K)
 Metaspace       used 165013K, committed 166656K, reserved 622592K
  class space    used 22031K, committed 22848K, reserved 425984K
}
Event: 5631.210 GC heap after
{Heap after GC invocations=92 (full 1):
 garbage-first heap   total 387072K, used 226056K [0x0000000080000000, 0x0000000100000000)
  region size 1024K, 3 young (3072K), 3 survivors (3072K)
 Metaspace       used 165013K, committed 166656K, reserved 622592K
  class space    used 22031K, committed 22848K, reserved 425984K
}
Event: 5631.253 GC heap before
{Heap before GC invocations=92 (full 1):
 garbage-first heap   total 387072K, used 246536K [0x0000000080000000, 0x0000000100000000)
  region size 1024K, 4 young (4096K), 3 survivors (3072K)
 Metaspace       used 165013K, committed 166656K, reserved 622592K
  class space    used 22031K, committed 22848K, reserved 425984K
}
Event: 5631.256 GC heap after
{Heap after GC invocations=93 (full 1):
 garbage-first heap   total 387072K, used 226110K [0x0000000080000000, 0x0000000100000000)
  region size 1024K, 3 young (3072K), 3 survivors (3072K)
 Metaspace       used 165013K, committed 166656K, reserved 622592K
  class space    used 22031K, committed 22848K, reserved 425984K
}
Event: 5631.271 GC heap before
{Heap before GC invocations=93 (full 1):
 garbage-first heap   total 387072K, used 240446K [0x0000000080000000, 0x0000000100000000)
  region size 1024K, 4 young (4096K), 3 survivors (3072K)
 Metaspace       used 165013K, committed 166656K, reserved 622592K
  class space    used 22031K, committed 22848K, reserved 425984K
}

